<?xml version="1.0" encoding="UTF-8"?>
<!-- Generated by org.testng.reporters.JUnitReportReporter -->
<testsuite hostname="INKHAPARDEA" failures="0" tests="1" name="com.APITesting.TestAPI" time="2.516" errors="0" timestamp="2021-08-14T17:49:55 IST" skipped="0">
  <testcase classname="com.APITesting.TestAPI" name="ResponseCode" time="2.516"/>
  <system-out/>
</testsuite> <!-- com.APITesting.TestAPI -->
